<?xml version="1.0" encoding="UTF-8"?>
<coverage generated="1549308046716" clover="3.2.0">
  <project timestamp="1549308046716" name="All files">
    <metrics statements="85" coveredstatements="71" conditionals="22" coveredconditionals="20" methods="28" coveredmethods="27" elements="135" coveredelements="118" complexity="0" loc="85" ncloc="85" packages="7" files="14" classes="14">
      <package name="actions">
        <metrics statements="40" coveredstatements="27" conditionals="0" coveredconditionals="0" methods="13" coveredmethods="13"/>
        <file name="actionType.js" path="/Users/nnaemekaokoro/Desktop/Fast-foot-fast-react/actions/actionType.js">
          <metrics statements="1" coveredstatements="1" conditionals="0" coveredconditionals="0" methods="0" coveredmethods="0"/>
          <line num="1" count="4" type="stmt"/>
        </file>
        <file name="index.js" path="/Users/nnaemekaokoro/Desktop/Fast-foot-fast-react/actions/index.js">
          <metrics statements="39" coveredstatements="26" conditionals="0" coveredconditionals="0" methods="13" coveredmethods="13"/>
          <line num="15" count="1" type="stmt"/>
          <line num="17" count="1" type="stmt"/>
          <line num="18" count="1" type="stmt"/>
          <line num="19" count="1" type="stmt"/>
          <line num="22" count="1" type="stmt"/>
          <line num="23" count="1" type="stmt"/>
          <line num="24" count="1" type="stmt"/>
          <line num="25" count="0" type="stmt"/>
          <line num="26" count="0" type="stmt"/>
          <line num="27" count="0" type="stmt"/>
          <line num="28" count="0" type="stmt"/>
          <line num="30" count="1" type="stmt"/>
          <line num="34" count="1" type="stmt"/>
          <line num="35" count="1" type="stmt"/>
          <line num="36" count="1" type="stmt"/>
          <line num="37" count="0" type="stmt"/>
          <line num="38" count="0" type="stmt"/>
          <line num="39" count="0" type="stmt"/>
          <line num="40" count="0" type="stmt"/>
          <line num="42" count="1" type="stmt"/>
          <line num="47" count="1" type="stmt"/>
          <line num="48" count="1" type="stmt"/>
          <line num="52" count="1" type="stmt"/>
          <line num="53" count="1" type="stmt"/>
          <line num="54" count="1" type="stmt"/>
          <line num="55" count="0" type="stmt"/>
          <line num="56" count="0" type="stmt"/>
          <line num="58" count="1" type="stmt"/>
          <line num="62" count="1" type="stmt"/>
          <line num="63" count="1" type="stmt"/>
          <line num="64" count="1" type="stmt"/>
          <line num="65" count="0" type="stmt"/>
          <line num="67" count="1" type="stmt"/>
          <line num="71" count="1" type="stmt"/>
          <line num="72" count="1" type="stmt"/>
          <line num="73" count="1" type="stmt"/>
          <line num="74" count="0" type="stmt"/>
          <line num="75" count="0" type="stmt"/>
          <line num="77" count="1" type="stmt"/>
        </file>
      </package>
      <package name="apis">
        <metrics statements="0" coveredstatements="0" conditionals="0" coveredconditionals="0" methods="0" coveredmethods="0"/>
        <file name="GetFood.js" path="/Users/nnaemekaokoro/Desktop/Fast-foot-fast-react/apis/GetFood.js">
          <metrics statements="0" coveredstatements="0" conditionals="0" coveredconditionals="0" methods="0" coveredmethods="0"/>
        </file>
      </package>
      <package name="reducers">
        <metrics statements="27" coveredstatements="26" conditionals="22" coveredconditionals="20" methods="6" coveredmethods="5"/>
        <file name="auth.js" path="/Users/nnaemekaokoro/Desktop/Fast-foot-fast-react/reducers/auth.js">
          <metrics statements="6" coveredstatements="6" conditionals="4" coveredconditionals="4" methods="1" coveredmethods="1"/>
          <line num="3" count="3" type="stmt"/>
          <line num="4" count="3" type="stmt"/>
          <line num="8" count="8" type="cond" truecount="3" falsecount="0"/>
          <line num="10" count="1" type="stmt"/>
          <line num="12" count="1" type="stmt"/>
          <line num="14" count="6" type="stmt"/>
        </file>
        <file name="cart.js" path="/Users/nnaemekaokoro/Desktop/Fast-foot-fast-react/reducers/cart.js">
          <metrics statements="5" coveredstatements="5" conditionals="6" coveredconditionals="5" methods="1" coveredmethods="1"/>
          <line num="2" count="8" type="stmt"/>
          <line num="3" count="8" type="cond" truecount="3" falsecount="0"/>
          <line num="5" count="1" type="stmt"/>
          <line num="11" count="1" type="stmt"/>
          <line num="13" count="6" type="stmt"/>
        </file>
        <file name="deleteOrder.js" path="/Users/nnaemekaokoro/Desktop/Fast-foot-fast-react/reducers/deleteOrder.js">
          <metrics statements="6" coveredstatements="6" conditionals="4" coveredconditionals="4" methods="1" coveredmethods="1"/>
          <line num="3" count="3" type="stmt"/>
          <line num="5" count="8" type="stmt"/>
          <line num="6" count="8" type="cond" truecount="3" falsecount="0"/>
          <line num="8" count="1" type="stmt"/>
          <line num="10" count="1" type="stmt"/>
          <line num="12" count="6" type="stmt"/>
        </file>
        <file name="food.js" path="/Users/nnaemekaokoro/Desktop/Fast-foot-fast-react/reducers/food.js">
          <metrics statements="3" coveredstatements="3" conditionals="3" coveredconditionals="3" methods="1" coveredmethods="1"/>
          <line num="2" count="7" type="cond" truecount="2" falsecount="0"/>
          <line num="4" count="1" type="stmt"/>
          <line num="6" count="6" type="stmt"/>
        </file>
        <file name="index.js" path="/Users/nnaemekaokoro/Desktop/Fast-foot-fast-react/reducers/index.js">
          <metrics statements="0" coveredstatements="0" conditionals="0" coveredconditionals="0" methods="0" coveredmethods="0"/>
        </file>
        <file name="orderHistory.js" path="/Users/nnaemekaokoro/Desktop/Fast-foot-fast-react/reducers/orderHistory.js">
          <metrics statements="7" coveredstatements="6" conditionals="5" coveredconditionals="4" methods="2" coveredmethods="1"/>
          <line num="3" count="3" type="stmt"/>
          <line num="5" count="8" type="stmt"/>
          <line num="6" count="8" type="cond" truecount="3" falsecount="1"/>
          <line num="8" count="1" type="stmt"/>
          <line num="10" count="1" type="stmt"/>
          <line num="12" count="0" type="stmt"/>
          <line num="14" count="6" type="stmt"/>
        </file>
      </package>
      <package name="src.component.Banner">
        <metrics statements="2" coveredstatements="2" conditionals="0" coveredconditionals="0" methods="1" coveredmethods="1"/>
        <file name="Banner.js" path="/Users/nnaemekaokoro/Desktop/Fast-foot-fast-react/src/component/Banner/Banner.js">
          <metrics statements="2" coveredstatements="2" conditionals="0" coveredconditionals="0" methods="1" coveredmethods="1"/>
          <line num="5" count="1" type="stmt"/>
          <line num="6" count="1" type="stmt"/>
        </file>
      </package>
      <package name="src.component.PopularFood">
        <metrics statements="4" coveredstatements="4" conditionals="0" coveredconditionals="0" methods="2" coveredmethods="2"/>
        <file name="FoodCard.js" path="/Users/nnaemekaokoro/Desktop/Fast-foot-fast-react/src/component/PopularFood/FoodCard.js">
          <metrics statements="2" coveredstatements="2" conditionals="0" coveredconditionals="0" methods="1" coveredmethods="1"/>
          <line num="2" count="1" type="stmt"/>
          <line num="3" count="1" type="stmt"/>
        </file>
        <file name="FoodCardAreaHeader.js" path="/Users/nnaemekaokoro/Desktop/Fast-foot-fast-react/src/component/PopularFood/FoodCardAreaHeader.js">
          <metrics statements="2" coveredstatements="2" conditionals="0" coveredconditionals="0" methods="1" coveredmethods="1"/>
          <line num="2" count="1" type="stmt"/>
          <line num="3" count="1" type="stmt"/>
        </file>
      </package>
      <package name="src.component.SignIn">
        <metrics statements="6" coveredstatements="6" conditionals="0" coveredconditionals="0" methods="3" coveredmethods="3"/>
        <file name="Signin.js" path="/Users/nnaemekaokoro/Desktop/Fast-foot-fast-react/src/component/SignIn/Signin.js">
          <metrics statements="6" coveredstatements="6" conditionals="0" coveredconditionals="0" methods="3" coveredmethods="3"/>
          <line num="10" count="2" type="stmt"/>
          <line num="11" count="2" type="stmt"/>
          <line num="14" count="1" type="stmt"/>
          <line num="15" count="1" type="stmt"/>
          <line num="16" count="1" type="stmt"/>
          <line num="19" count="4" type="stmt"/>
        </file>
      </package>
      <package name="src.component.SignUp">
        <metrics statements="6" coveredstatements="6" conditionals="0" coveredconditionals="0" methods="3" coveredmethods="3"/>
        <file name="SignUp.js" path="/Users/nnaemekaokoro/Desktop/Fast-foot-fast-react/src/component/SignUp/SignUp.js">
          <metrics statements="6" coveredstatements="6" conditionals="0" coveredconditionals="0" methods="3" coveredmethods="3"/>
          <line num="11" count="4" type="stmt"/>
          <line num="12" count="4" type="stmt"/>
          <line num="15" count="1" type="stmt"/>
          <line num="16" count="1" type="stmt"/>
          <line num="17" count="1" type="stmt"/>
          <line num="20" count="6" type="stmt"/>
        </file>
      </package>
    </metrics>
  </project>
</coverage>
