<?xml version="1.0" encoding="UTF-8"?>
<coverage generated="1549513036596" clover="3.2.0">
  <project timestamp="1549513036596" name="All files">
    <metrics statements="129" coveredstatements="99" conditionals="36" coveredconditionals="27" methods="38" coveredmethods="33" elements="203" coveredelements="159" complexity="0" loc="129" ncloc="129" packages="9" files="16" classes="16">
      <package name="actions">
        <metrics statements="59" coveredstatements="36" conditionals="0" coveredconditionals="0" methods="17" coveredmethods="14"/>
        <file name="actionType.js" path="/Users/nnaemekaokoro/Desktop/Fast-foot-fast-react/actions/actionType.js">
          <metrics statements="1" coveredstatements="1" conditionals="0" coveredconditionals="0" methods="0" coveredmethods="0"/>
          <line num="1" count="6" type="stmt"/>
        </file>
        <file name="index.js" path="/Users/nnaemekaokoro/Desktop/Fast-foot-fast-react/actions/index.js">
          <metrics statements="58" coveredstatements="35" conditionals="0" coveredconditionals="0" methods="17" coveredmethods="14"/>
          <line num="22" count="3" type="stmt"/>
          <line num="24" count="3" type="stmt"/>
          <line num="25" count="1" type="stmt"/>
          <line num="26" count="1" type="stmt"/>
          <line num="29" count="3" type="stmt"/>
          <line num="30" count="1" type="stmt"/>
          <line num="31" count="1" type="stmt"/>
          <line num="32" count="0" type="stmt"/>
          <line num="33" count="0" type="stmt"/>
          <line num="34" count="0" type="stmt"/>
          <line num="35" count="0" type="stmt"/>
          <line num="36" count="0" type="stmt"/>
          <line num="38" count="1" type="stmt"/>
          <line num="39" count="1" type="stmt"/>
          <line num="40" count="1" type="stmt"/>
          <line num="44" count="3" type="stmt"/>
          <line num="45" count="1" type="stmt"/>
          <line num="46" count="1" type="stmt"/>
          <line num="47" count="0" type="stmt"/>
          <line num="48" count="0" type="stmt"/>
          <line num="49" count="0" type="stmt"/>
          <line num="50" count="0" type="stmt"/>
          <line num="51" count="0" type="stmt"/>
          <line num="53" count="1" type="stmt"/>
          <line num="54" count="1" type="stmt"/>
          <line num="55" count="1" type="stmt"/>
          <line num="60" count="3" type="stmt"/>
          <line num="61" count="0" type="stmt"/>
          <line num="62" count="0" type="stmt"/>
          <line num="63" count="0" type="stmt"/>
          <line num="65" count="0" type="stmt"/>
          <line num="66" count="0" type="stmt"/>
          <line num="71" count="3" type="stmt"/>
          <line num="72" count="1" type="stmt"/>
          <line num="75" count="1" type="stmt"/>
          <line num="78" count="3" type="stmt"/>
          <line num="79" count="1" type="stmt"/>
          <line num="80" count="1" type="stmt"/>
          <line num="81" count="0" type="stmt"/>
          <line num="82" count="0" type="stmt"/>
          <line num="83" count="0" type="stmt"/>
          <line num="85" count="1" type="stmt"/>
          <line num="86" count="1" type="stmt"/>
          <line num="90" count="3" type="stmt"/>
          <line num="91" count="2" type="stmt"/>
          <line num="92" count="2" type="stmt"/>
          <line num="93" count="0" type="stmt"/>
          <line num="95" count="2" type="stmt"/>
          <line num="99" count="3" type="stmt"/>
          <line num="100" count="1" type="stmt"/>
          <line num="101" count="1" type="stmt"/>
          <line num="102" count="0" type="stmt"/>
          <line num="103" count="0" type="stmt"/>
          <line num="104" count="0" type="stmt"/>
          <line num="106" count="1" type="stmt"/>
          <line num="107" count="1" type="stmt"/>
          <line num="110" count="3" type="stmt"/>
          <line num="111" count="0" type="stmt"/>
        </file>
      </package>
      <package name="apis">
        <metrics statements="5" coveredstatements="5" conditionals="0" coveredconditionals="0" methods="1" coveredmethods="1"/>
        <file name="GetFood.js" path="/Users/nnaemekaokoro/Desktop/Fast-foot-fast-react/apis/GetFood.js">
          <metrics statements="5" coveredstatements="5" conditionals="0" coveredconditionals="0" methods="1" coveredmethods="1"/>
          <line num="3" count="5" type="stmt"/>
          <line num="6" count="5" type="stmt"/>
          <line num="7" count="7" type="stmt"/>
          <line num="8" count="7" type="stmt"/>
          <line num="9" count="7" type="stmt"/>
        </file>
      </package>
      <package name="reducers">
        <metrics statements="33" coveredstatements="29" conditionals="26" coveredconditionals="23" methods="6" coveredmethods="5"/>
        <file name="auth.js" path="/Users/nnaemekaokoro/Desktop/Fast-foot-fast-react/reducers/auth.js">
          <metrics statements="9" coveredstatements="9" conditionals="7" coveredconditionals="7" methods="1" coveredmethods="1"/>
          <line num="3" count="5" type="stmt"/>
          <line num="4" count="5" type="stmt"/>
          <line num="8" count="17" type="cond" truecount="6" falsecount="0"/>
          <line num="10" count="1" type="stmt"/>
          <line num="12" count="1" type="stmt"/>
          <line num="14" count="1" type="stmt"/>
          <line num="16" count="1" type="stmt"/>
          <line num="18" count="1" type="stmt"/>
          <line num="20" count="12" type="stmt"/>
        </file>
        <file name="cart.js" path="/Users/nnaemekaokoro/Desktop/Fast-foot-fast-react/reducers/cart.js">
          <metrics statements="8" coveredstatements="5" conditionals="7" coveredconditionals="5" methods="1" coveredmethods="1"/>
          <line num="2" count="14" type="stmt"/>
          <line num="3" count="14" type="cond" truecount="3" falsecount="1"/>
          <line num="5" count="1" type="stmt"/>
          <line num="11" count="1" type="stmt"/>
          <line num="13" count="0" type="stmt"/>
          <line num="14" count="0" type="stmt"/>
          <line num="15" count="0" type="stmt"/>
          <line num="17" count="12" type="stmt"/>
        </file>
        <file name="deleteOrder.js" path="/Users/nnaemekaokoro/Desktop/Fast-foot-fast-react/reducers/deleteOrder.js">
          <metrics statements="6" coveredstatements="6" conditionals="4" coveredconditionals="4" methods="1" coveredmethods="1"/>
          <line num="3" count="5" type="stmt"/>
          <line num="5" count="14" type="stmt"/>
          <line num="6" count="14" type="cond" truecount="3" falsecount="0"/>
          <line num="8" count="1" type="stmt"/>
          <line num="10" count="1" type="stmt"/>
          <line num="12" count="12" type="stmt"/>
        </file>
        <file name="food.js" path="/Users/nnaemekaokoro/Desktop/Fast-foot-fast-react/reducers/food.js">
          <metrics statements="3" coveredstatements="3" conditionals="3" coveredconditionals="3" methods="1" coveredmethods="1"/>
          <line num="2" count="13" type="cond" truecount="2" falsecount="0"/>
          <line num="4" count="1" type="stmt"/>
          <line num="6" count="12" type="stmt"/>
        </file>
        <file name="index.js" path="/Users/nnaemekaokoro/Desktop/Fast-foot-fast-react/reducers/index.js">
          <metrics statements="0" coveredstatements="0" conditionals="0" coveredconditionals="0" methods="0" coveredmethods="0"/>
        </file>
        <file name="orderHistory.js" path="/Users/nnaemekaokoro/Desktop/Fast-foot-fast-react/reducers/orderHistory.js">
          <metrics statements="7" coveredstatements="6" conditionals="5" coveredconditionals="4" methods="2" coveredmethods="1"/>
          <line num="3" count="5" type="stmt"/>
          <line num="5" count="14" type="stmt"/>
          <line num="6" count="14" type="cond" truecount="3" falsecount="1"/>
          <line num="8" count="1" type="stmt"/>
          <line num="10" count="1" type="stmt"/>
          <line num="12" count="0" type="stmt"/>
          <line num="14" count="12" type="stmt"/>
        </file>
      </package>
      <package name="src.component.Banner">
        <metrics statements="4" coveredstatements="4" conditionals="2" coveredconditionals="1" methods="1" coveredmethods="1"/>
        <file name="Banner.js" path="/Users/nnaemekaokoro/Desktop/Fast-foot-fast-react/src/component/Banner/Banner.js">
          <metrics statements="4" coveredstatements="4" conditionals="2" coveredconditionals="1" methods="1" coveredmethods="1"/>
          <line num="4" count="1" type="stmt"/>
          <line num="5" count="1" type="stmt"/>
          <line num="6" count="1" type="cond" truecount="1" falsecount="1"/>
          <line num="16" count="1" type="stmt"/>
        </file>
      </package>
      <package name="src.component.Logout">
        <metrics statements="6" coveredstatements="3" conditionals="0" coveredconditionals="0" methods="3" coveredmethods="2"/>
        <file name="Logout.js" path="/Users/nnaemekaokoro/Desktop/Fast-foot-fast-react/src/component/Logout/Logout.js">
          <metrics statements="6" coveredstatements="3" conditionals="0" coveredconditionals="0" methods="3" coveredmethods="2"/>
          <line num="9" count="0" type="stmt"/>
          <line num="10" count="0" type="stmt"/>
          <line num="11" count="0" type="stmt"/>
          <line num="14" count="1" type="stmt"/>
          <line num="23" count="2" type="stmt"/>
          <line num="24" count="1" type="stmt"/>
        </file>
      </package>
      <package name="src.component.NavBar">
        <metrics statements="6" coveredstatements="6" conditionals="4" coveredconditionals="1" methods="2" coveredmethods="2"/>
        <file name="NavigationLandingPage.js" path="/Users/nnaemekaokoro/Desktop/Fast-foot-fast-react/src/component/NavBar/NavigationLandingPage.js">
          <metrics statements="6" coveredstatements="6" conditionals="4" coveredconditionals="1" methods="2" coveredmethods="2"/>
          <line num="6" count="1" type="stmt"/>
          <line num="8" count="1" type="cond" truecount="1" falsecount="1"/>
          <line num="47" count="1" type="stmt"/>
          <line num="63" count="1" type="stmt"/>
          <line num="64" count="1" type="stmt"/>
          <line num="65" count="1" type="stmt"/>
        </file>
      </package>
      <package name="src.component.PopularFood">
        <metrics statements="4" coveredstatements="4" conditionals="0" coveredconditionals="0" methods="2" coveredmethods="2"/>
        <file name="FoodCard.js" path="/Users/nnaemekaokoro/Desktop/Fast-foot-fast-react/src/component/PopularFood/FoodCard.js">
          <metrics statements="2" coveredstatements="2" conditionals="0" coveredconditionals="0" methods="1" coveredmethods="1"/>
          <line num="3" count="1" type="stmt"/>
          <line num="4" count="1" type="stmt"/>
        </file>
        <file name="FoodCardAreaHeader.js" path="/Users/nnaemekaokoro/Desktop/Fast-foot-fast-react/src/component/PopularFood/FoodCardAreaHeader.js">
          <metrics statements="2" coveredstatements="2" conditionals="0" coveredconditionals="0" methods="1" coveredmethods="1"/>
          <line num="2" count="1" type="stmt"/>
          <line num="3" count="1" type="stmt"/>
        </file>
      </package>
      <package name="src.component.SignIn">
        <metrics statements="6" coveredstatements="6" conditionals="2" coveredconditionals="1" methods="3" coveredmethods="3"/>
        <file name="Signin.js" path="/Users/nnaemekaokoro/Desktop/Fast-foot-fast-react/src/component/SignIn/Signin.js">
          <metrics statements="6" coveredstatements="6" conditionals="2" coveredconditionals="1" methods="3" coveredmethods="3"/>
          <line num="10" count="2" type="stmt"/>
          <line num="11" count="2" type="stmt"/>
          <line num="14" count="1" type="stmt"/>
          <line num="15" count="1" type="stmt"/>
          <line num="16" count="1" type="cond" truecount="1" falsecount="1"/>
          <line num="19" count="4" type="stmt"/>
        </file>
      </package>
      <package name="src.component.SignUp">
        <metrics statements="6" coveredstatements="6" conditionals="2" coveredconditionals="1" methods="3" coveredmethods="3"/>
        <file name="SignUp.js" path="/Users/nnaemekaokoro/Desktop/Fast-foot-fast-react/src/component/SignUp/SignUp.js">
          <metrics statements="6" coveredstatements="6" conditionals="2" coveredconditionals="1" methods="3" coveredmethods="3"/>
          <line num="11" count="4" type="stmt"/>
          <line num="12" count="4" type="stmt"/>
          <line num="15" count="1" type="stmt"/>
          <line num="16" count="1" type="stmt"/>
          <line num="17" count="1" type="cond" truecount="1" falsecount="1"/>
          <line num="20" count="6" type="stmt"/>
        </file>
      </package>
    </metrics>
  </project>
</coverage>
