{"/Users/nnaemekaokoro/Desktop/Fast-foot-fast-react/actions/actionType.js": {"path":"/Users/nnaemekaokoro/Desktop/Fast-foot-fast-react/actions/actionType.js","statementMap":{"0":{"start":{"line":1,"column":27},"end":{"line":7,"column":1}}},"fnMap":{},"branchMap":{},"s":{"0":4},"f":{},"b":{},"_coverageSchema":"332fd63041d2c1bcb487cc26dd0d5f7d97098a6c","hash":"65c9ab7788856fb0d39188684743b8a7acf5f4de"}
,"/Users/nnaemekaokoro/Desktop/Fast-foot-fast-react/actions/index.js": {"path":"/Users/nnaemekaokoro/Desktop/Fast-foot-fast-react/actions/index.js","statementMap":{"0":{"start":{"line":5,"column":56},"end":{"line":5,"column":67}},"1":{"start":{"line":7,"column":28},"end":{"line":10,"column":1}},"2":{"start":{"line":7,"column":34},"end":{"line":10,"column":1}},"3":{"start":{"line":8,"column":19},"end":{"line":8,"column":47}},"4":{"start":{"line":9,"column":2},"end":{"line":9,"column":57}},"5":{"start":{"line":12,"column":18},"end":{"line":22,"column":1}},"6":{"start":{"line":12,"column":35},"end":{"line":22,"column":1}},"7":{"start":{"line":13,"column":2},"end":{"line":21,"column":3}},"8":{"start":{"line":14,"column":21},"end":{"line":14,"column":70}},"9":{"start":{"line":15,"column":4},"end":{"line":15,"column":62}},"10":{"start":{"line":16,"column":4},"end":{"line":16,"column":83}},"11":{"start":{"line":17,"column":25},"end":{"line":17,"column":49}},"12":{"start":{"line":18,"column":4},"end":{"line":18,"column":58}},"13":{"start":{"line":20,"column":4},"end":{"line":20,"column":17}},"14":{"start":{"line":24,"column":19},"end":{"line":35,"column":1}},"15":{"start":{"line":24,"column":36},"end":{"line":35,"column":1}},"16":{"start":{"line":25,"column":2},"end":{"line":33,"column":3}},"17":{"start":{"line":26,"column":21},"end":{"line":26,"column":70}},"18":{"start":{"line":27,"column":4},"end":{"line":27,"column":62}},"19":{"start":{"line":28,"column":4},"end":{"line":28,"column":83}},"20":{"start":{"line":29,"column":25},"end":{"line":29,"column":49}},"21":{"start":{"line":30,"column":4},"end":{"line":30,"column":59}},"22":{"start":{"line":32,"column":4},"end":{"line":32,"column":16}},"23":{"start":{"line":37,"column":24},"end":{"line":40,"column":4}},"24":{"start":{"line":38,"column":3},"end":{"line":40,"column":3}},"25":{"start":{"line":42,"column":17},"end":{"line":50,"column":1}},"26":{"start":{"line":42,"column":35},"end":{"line":50,"column":1}},"27":{"start":{"line":43,"column":2},"end":{"line":49,"column":3}},"28":{"start":{"line":44,"column":21},"end":{"line":44,"column":65}},"29":{"start":{"line":45,"column":4},"end":{"line":45,"column":44}},"30":{"start":{"line":46,"column":2},"end":{"line":46,"column":50}},"31":{"start":{"line":48,"column":4},"end":{"line":48,"column":43}}},"fnMap":{"0":{"name":"(anonymous_0)","decl":{"start":{"line":7,"column":28},"end":{"line":7,"column":29}},"loc":{"start":{"line":7,"column":34},"end":{"line":10,"column":1}},"line":7},"1":{"name":"(anonymous_1)","decl":{"start":{"line":7,"column":34},"end":{"line":7,"column":35}},"loc":{"start":{"line":7,"column":52},"end":{"line":10,"column":1}},"line":7},"2":{"name":"(anonymous_2)","decl":{"start":{"line":12,"column":18},"end":{"line":12,"column":19}},"loc":{"start":{"line":12,"column":35},"end":{"line":22,"column":1}},"line":12},"3":{"name":"(anonymous_3)","decl":{"start":{"line":12,"column":35},"end":{"line":12,"column":36}},"loc":{"start":{"line":12,"column":53},"end":{"line":22,"column":1}},"line":12},"4":{"name":"(anonymous_4)","decl":{"start":{"line":24,"column":19},"end":{"line":24,"column":20}},"loc":{"start":{"line":24,"column":36},"end":{"line":35,"column":1}},"line":24},"5":{"name":"(anonymous_5)","decl":{"start":{"line":24,"column":36},"end":{"line":24,"column":37}},"loc":{"start":{"line":24,"column":54},"end":{"line":35,"column":1}},"line":24},"6":{"name":"(anonymous_6)","decl":{"start":{"line":37,"column":24},"end":{"line":37,"column":25}},"loc":{"start":{"line":38,"column":3},"end":{"line":40,"column":3}},"line":38},"7":{"name":"(anonymous_7)","decl":{"start":{"line":42,"column":17},"end":{"line":42,"column":18}},"loc":{"start":{"line":42,"column":35},"end":{"line":50,"column":1}},"line":42},"8":{"name":"(anonymous_8)","decl":{"start":{"line":42,"column":35},"end":{"line":42,"column":36}},"loc":{"start":{"line":42,"column":53},"end":{"line":50,"column":1}},"line":42}},"branchMap":{},"s":{"0":1,"1":1,"2":1,"3":1,"4":1,"5":1,"6":1,"7":1,"8":1,"9":0,"10":0,"11":0,"12":0,"13":1,"14":1,"15":1,"16":1,"17":1,"18":0,"19":0,"20":0,"21":0,"22":1,"23":1,"24":1,"25":1,"26":1,"27":1,"28":1,"29":0,"30":0,"31":1},"f":{"0":1,"1":1,"2":1,"3":1,"4":1,"5":1,"6":1,"7":1,"8":1},"b":{},"_coverageSchema":"332fd63041d2c1bcb487cc26dd0d5f7d97098a6c","hash":"9de85fe0a8299b8edd520cccda7bcd024516da35"}
,"/Users/nnaemekaokoro/Desktop/Fast-foot-fast-react/apis/GetFood.js": {"path":"/Users/nnaemekaokoro/Desktop/Fast-foot-fast-react/apis/GetFood.js","statementMap":{},"fnMap":{},"branchMap":{},"s":{},"f":{},"b":{},"_coverageSchema":"332fd63041d2c1bcb487cc26dd0d5f7d97098a6c","hash":"36394db9c09c3663a91d31cf683e8cc39b1db600"}
,"/Users/nnaemekaokoro/Desktop/Fast-foot-fast-react/reducers/auth.js": {"path":"/Users/nnaemekaokoro/Desktop/Fast-foot-fast-react/reducers/auth.js","statementMap":{"0":{"start":{"line":3,"column":24},"end":{"line":3,"column":35}},"1":{"start":{"line":4,"column":21},"end":{"line":6,"column":1}},"2":{"start":{"line":8,"column":2},"end":{"line":15,"column":3}},"3":{"start":{"line":10,"column":6},"end":{"line":10,"column":68}},"4":{"start":{"line":12,"column":6},"end":{"line":12,"column":68}},"5":{"start":{"line":14,"column":6},"end":{"line":14,"column":19}}},"fnMap":{"0":{"name":"(anonymous_0)","decl":{"start":{"line":7,"column":15},"end":{"line":7,"column":16}},"loc":{"start":{"line":7,"column":49},"end":{"line":16,"column":1}},"line":7}},"branchMap":{"0":{"loc":{"start":{"line":7,"column":16},"end":{"line":7,"column":36}},"type":"default-arg","locations":[{"start":{"line":7,"column":24},"end":{"line":7,"column":36}}],"line":7},"1":{"loc":{"start":{"line":8,"column":2},"end":{"line":15,"column":3}},"type":"switch","locations":[{"start":{"line":9,"column":4},"end":{"line":10,"column":68}},{"start":{"line":11,"column":4},"end":{"line":12,"column":68}},{"start":{"line":13,"column":4},"end":{"line":14,"column":19}}],"line":8}},"s":{"0":3,"1":3,"2":8,"3":1,"4":1,"5":6},"f":{"0":8},"b":{"0":[6],"1":[1,1,6]},"_coverageSchema":"332fd63041d2c1bcb487cc26dd0d5f7d97098a6c","hash":"ddad4475807d9b0263df840fb12f63a53a413008"}
,"/Users/nnaemekaokoro/Desktop/Fast-foot-fast-react/reducers/cart.js": {"path":"/Users/nnaemekaokoro/Desktop/Fast-foot-fast-react/reducers/cart.js","statementMap":{"0":{"start":{"line":2,"column":26},"end":{"line":2,"column":32}},"1":{"start":{"line":3,"column":2},"end":{"line":14,"column":3}},"2":{"start":{"line":5,"column":6},"end":{"line":9,"column":11}},"3":{"start":{"line":11,"column":6},"end":{"line":11,"column":16}},"4":{"start":{"line":13,"column":6},"end":{"line":13,"column":19}}},"fnMap":{"0":{"name":"(anonymous_0)","decl":{"start":{"line":1,"column":15},"end":{"line":1,"column":16}},"loc":{"start":{"line":1,"column":39},"end":{"line":15,"column":1}},"line":1}},"branchMap":{"0":{"loc":{"start":{"line":1,"column":16},"end":{"line":1,"column":26}},"type":"default-arg","locations":[{"start":{"line":1,"column":24},"end":{"line":1,"column":26}}],"line":1},"1":{"loc":{"start":{"line":3,"column":2},"end":{"line":14,"column":3}},"type":"switch","locations":[{"start":{"line":4,"column":4},"end":{"line":9,"column":11}},{"start":{"line":10,"column":4},"end":{"line":11,"column":16}},{"start":{"line":12,"column":4},"end":{"line":13,"column":19}}],"line":3},"2":{"loc":{"start":{"line":7,"column":45},"end":{"line":8,"column":46}},"type":"cond-expr","locations":[{"start":{"line":8,"column":10},"end":{"line":8,"column":42}},{"start":{"line":8,"column":45},"end":{"line":8,"column":46}}],"line":7}},"s":{"0":8,"1":8,"2":1,"3":1,"4":6},"f":{"0":8},"b":{"0":[6],"1":[1,1,6],"2":[0,1]},"_coverageSchema":"332fd63041d2c1bcb487cc26dd0d5f7d97098a6c","hash":"6c2ae323a6737b1894e077b350e09bcde6ed2741"}
,"/Users/nnaemekaokoro/Desktop/Fast-foot-fast-react/reducers/food.js": {"path":"/Users/nnaemekaokoro/Desktop/Fast-foot-fast-react/reducers/food.js","statementMap":{"0":{"start":{"line":2,"column":2},"end":{"line":7,"column":3}},"1":{"start":{"line":4,"column":6},"end":{"line":4,"column":40}},"2":{"start":{"line":6,"column":6},"end":{"line":6,"column":19}}},"fnMap":{"0":{"name":"(anonymous_0)","decl":{"start":{"line":1,"column":15},"end":{"line":1,"column":16}},"loc":{"start":{"line":1,"column":39},"end":{"line":8,"column":1}},"line":1}},"branchMap":{"0":{"loc":{"start":{"line":1,"column":16},"end":{"line":1,"column":26}},"type":"default-arg","locations":[{"start":{"line":1,"column":24},"end":{"line":1,"column":26}}],"line":1},"1":{"loc":{"start":{"line":2,"column":2},"end":{"line":7,"column":3}},"type":"switch","locations":[{"start":{"line":3,"column":4},"end":{"line":4,"column":40}},{"start":{"line":5,"column":4},"end":{"line":6,"column":19}}],"line":2}},"s":{"0":7,"1":1,"2":6},"f":{"0":7},"b":{"0":[6],"1":[1,6]},"_coverageSchema":"332fd63041d2c1bcb487cc26dd0d5f7d97098a6c","hash":"2d6d70c91aefbe616450a10bdc203959dd5ea5cb"}
,"/Users/nnaemekaokoro/Desktop/Fast-foot-fast-react/reducers/index.js": {"path":"/Users/nnaemekaokoro/Desktop/Fast-foot-fast-react/reducers/index.js","statementMap":{},"fnMap":{},"branchMap":{},"s":{},"f":{},"b":{},"_coverageSchema":"332fd63041d2c1bcb487cc26dd0d5f7d97098a6c","hash":"04200a18189e9067261f3862810306a72d77a863"}
,"/Users/nnaemekaokoro/Desktop/Fast-foot-fast-react/src/component/Banner/Banner.js": {"path":"/Users/nnaemekaokoro/Desktop/Fast-foot-fast-react/src/component/Banner/Banner.js","statementMap":{"0":{"start":{"line":5,"column":15},"end":{"line":37,"column":1}},"1":{"start":{"line":6,"column":2},"end":{"line":36,"column":8}}},"fnMap":{"0":{"name":"(anonymous_0)","decl":{"start":{"line":5,"column":15},"end":{"line":5,"column":16}},"loc":{"start":{"line":6,"column":2},"end":{"line":36,"column":8}},"line":6}},"branchMap":{},"s":{"0":1,"1":1},"f":{"0":1},"b":{},"_coverageSchema":"332fd63041d2c1bcb487cc26dd0d5f7d97098a6c","hash":"513db73f7909ad017b94f31c58bc8c3afecf6471"}
,"/Users/nnaemekaokoro/Desktop/Fast-foot-fast-react/src/component/PopularFood/FoodCard.js": {"path":"/Users/nnaemekaokoro/Desktop/Fast-foot-fast-react/src/component/PopularFood/FoodCard.js","statementMap":{"0":{"start":{"line":2,"column":17},"end":{"line":30,"column":1}},"1":{"start":{"line":3,"column":2},"end":{"line":29,"column":8}}},"fnMap":{"0":{"name":"(anonymous_0)","decl":{"start":{"line":2,"column":17},"end":{"line":2,"column":18}},"loc":{"start":{"line":3,"column":2},"end":{"line":29,"column":8}},"line":3}},"branchMap":{},"s":{"0":1,"1":1},"f":{"0":1},"b":{},"_coverageSchema":"332fd63041d2c1bcb487cc26dd0d5f7d97098a6c","hash":"4ceb8bcf4a1e59016e5f1a02c70233dc0c332853"}
,"/Users/nnaemekaokoro/Desktop/Fast-foot-fast-react/src/component/PopularFood/FoodCardAreaHeader.js": {"path":"/Users/nnaemekaokoro/Desktop/Fast-foot-fast-react/src/component/PopularFood/FoodCardAreaHeader.js","statementMap":{"0":{"start":{"line":2,"column":27},"end":{"line":8,"column":1}},"1":{"start":{"line":3,"column":2},"end":{"line":7,"column":5}}},"fnMap":{"0":{"name":"(anonymous_0)","decl":{"start":{"line":2,"column":27},"end":{"line":2,"column":28}},"loc":{"start":{"line":2,"column":33},"end":{"line":8,"column":1}},"line":2}},"branchMap":{},"s":{"0":1,"1":1},"f":{"0":1},"b":{},"_coverageSchema":"332fd63041d2c1bcb487cc26dd0d5f7d97098a6c","hash":"0296758e4bf2eddfce28167db366c9061bf447da"}
,"/Users/nnaemekaokoro/Desktop/Fast-foot-fast-react/src/component/SignIn/Signin.js": {"path":"/Users/nnaemekaokoro/Desktop/Fast-foot-fast-react/src/component/SignIn/Signin.js","statementMap":{"0":{"start":{"line":9,"column":26},"end":{"line":9,"column":38}},"1":{"start":{"line":10,"column":4},"end":{"line":10,"column":48}},"2":{"start":{"line":13,"column":4},"end":{"line":13,"column":27}},"3":{"start":{"line":14,"column":4},"end":{"line":14,"column":43}},"4":{"start":{"line":15,"column":4},"end":{"line":15,"column":37}},"5":{"start":{"line":18,"column":2},"end":{"line":85,"column":4}}},"fnMap":{"0":{"name":"(anonymous_0)","decl":{"start":{"line":8,"column":22},"end":{"line":8,"column":23}},"loc":{"start":{"line":8,"column":32},"end":{"line":11,"column":3}},"line":8},"1":{"name":"(anonymous_1)","decl":{"start":{"line":12,"column":17},"end":{"line":12,"column":18}},"loc":{"start":{"line":12,"column":34},"end":{"line":16,"column":3}},"line":12},"2":{"name":"(anonymous_2)","decl":{"start":{"line":17,"column":2},"end":{"line":17,"column":3}},"loc":{"start":{"line":17,"column":10},"end":{"line":86,"column":1}},"line":17}},"branchMap":{},"s":{"0":2,"1":2,"2":1,"3":1,"4":1,"5":4},"f":{"0":2,"1":1,"2":4},"b":{},"_coverageSchema":"332fd63041d2c1bcb487cc26dd0d5f7d97098a6c","hash":"0fd16732688a7d8a06f9aa5da31afc31d70b8a6a"}
,"/Users/nnaemekaokoro/Desktop/Fast-foot-fast-react/src/component/SignUp/SignUp.js": {"path":"/Users/nnaemekaokoro/Desktop/Fast-foot-fast-react/src/component/SignUp/SignUp.js","statementMap":{"0":{"start":{"line":11,"column":26},"end":{"line":11,"column":38}},"1":{"start":{"line":12,"column":4},"end":{"line":12,"column":49}},"2":{"start":{"line":15,"column":4},"end":{"line":15,"column":27}},"3":{"start":{"line":16,"column":21},"end":{"line":16,"column":60}},"4":{"start":{"line":17,"column":4},"end":{"line":17,"column":37}},"5":{"start":{"line":20,"column":4},"end":{"line":118,"column":6}}},"fnMap":{"0":{"name":"(anonymous_0)","decl":{"start":{"line":10,"column":22},"end":{"line":10,"column":23}},"loc":{"start":{"line":10,"column":32},"end":{"line":13,"column":3}},"line":10},"1":{"name":"(anonymous_1)","decl":{"start":{"line":14,"column":17},"end":{"line":14,"column":18}},"loc":{"start":{"line":14,"column":34},"end":{"line":18,"column":3}},"line":14},"2":{"name":"(anonymous_2)","decl":{"start":{"line":19,"column":2},"end":{"line":19,"column":3}},"loc":{"start":{"line":19,"column":11},"end":{"line":119,"column":3}},"line":19}},"branchMap":{},"s":{"0":4,"1":4,"2":1,"3":1,"4":1,"5":6},"f":{"0":4,"1":1,"2":6},"b":{},"_coverageSchema":"332fd63041d2c1bcb487cc26dd0d5f7d97098a6c","hash":"1409219c17d30c8fa6cf44cef94666003aedaa40"}
}
