{"/Users/nnaemekaokoro/Desktop/Fast-foot-fast-react/actions/actionType.js": {"path":"/Users/nnaemekaokoro/Desktop/Fast-foot-fast-react/actions/actionType.js","statementMap":{"0":{"start":{"line":1,"column":27},"end":{"line":15,"column":1}}},"fnMap":{},"branchMap":{},"s":{"0":4},"f":{},"b":{},"_coverageSchema":"332fd63041d2c1bcb487cc26dd0d5f7d97098a6c","hash":"0a7bdfdeedfa0f2570bddb59c488a976403620b7"}
,"/Users/nnaemekaokoro/Desktop/Fast-foot-fast-react/actions/index.js": {"path":"/Users/nnaemekaokoro/Desktop/Fast-foot-fast-react/actions/index.js","statementMap":{"0":{"start":{"line":19,"column":4},"end":{"line":19,"column":15}},"1":{"start":{"line":21,"column":28},"end":{"line":24,"column":1}},"2":{"start":{"line":21,"column":34},"end":{"line":24,"column":1}},"3":{"start":{"line":22,"column":19},"end":{"line":22,"column":51}},"4":{"start":{"line":23,"column":2},"end":{"line":23,"column":57}},"5":{"start":{"line":26,"column":18},"end":{"line":39,"column":1}},"6":{"start":{"line":26,"column":33},"end":{"line":39,"column":1}},"7":{"start":{"line":27,"column":2},"end":{"line":38,"column":3}},"8":{"start":{"line":28,"column":21},"end":{"line":28,"column":74}},"9":{"start":{"line":29,"column":4},"end":{"line":29,"column":62}},"10":{"start":{"line":30,"column":4},"end":{"line":30,"column":68}},"11":{"start":{"line":31,"column":4},"end":{"line":31,"column":44}},"12":{"start":{"line":32,"column":25},"end":{"line":32,"column":49}},"13":{"start":{"line":33,"column":4},"end":{"line":33,"column":58}},"14":{"start":{"line":35,"column":4},"end":{"line":35,"column":69}},"15":{"start":{"line":36,"column":4},"end":{"line":36,"column":62}},"16":{"start":{"line":37,"column":4},"end":{"line":37,"column":59}},"17":{"start":{"line":41,"column":19},"end":{"line":55,"column":1}},"18":{"start":{"line":41,"column":34},"end":{"line":55,"column":1}},"19":{"start":{"line":42,"column":2},"end":{"line":53,"column":3}},"20":{"start":{"line":43,"column":21},"end":{"line":43,"column":74}},"21":{"start":{"line":44,"column":4},"end":{"line":44,"column":62}},"22":{"start":{"line":45,"column":4},"end":{"line":45,"column":68}},"23":{"start":{"line":46,"column":25},"end":{"line":46,"column":49}},"24":{"start":{"line":47,"column":4},"end":{"line":47,"column":44}},"25":{"start":{"line":48,"column":4},"end":{"line":48,"column":59}},"26":{"start":{"line":50,"column":4},"end":{"line":50,"column":69}},"27":{"start":{"line":51,"column":4},"end":{"line":51,"column":63}},"28":{"start":{"line":52,"column":4},"end":{"line":52,"column":61}},"29":{"start":{"line":57,"column":24},"end":{"line":62,"column":1}},"30":{"start":{"line":57,"column":34},"end":{"line":62,"column":1}},"31":{"start":{"line":58,"column":2},"end":{"line":60,"column":5}},"32":{"start":{"line":61,"column":2},"end":{"line":61,"column":58}},"33":{"start":{"line":64,"column":17},"end":{"line":74,"column":1}},"34":{"start":{"line":64,"column":33},"end":{"line":74,"column":1}},"35":{"start":{"line":65,"column":2},"end":{"line":73,"column":3}},"36":{"start":{"line":66,"column":21},"end":{"line":66,"column":70}},"37":{"start":{"line":67,"column":4},"end":{"line":67,"column":44}},"38":{"start":{"line":68,"column":4},"end":{"line":68,"column":51}},"39":{"start":{"line":69,"column":3},"end":{"line":69,"column":53}},"40":{"start":{"line":71,"column":4},"end":{"line":71,"column":54}},"41":{"start":{"line":72,"column":4},"end":{"line":72,"column":62}},"42":{"start":{"line":76,"column":24},"end":{"line":84,"column":1}},"43":{"start":{"line":76,"column":30},"end":{"line":84,"column":1}},"44":{"start":{"line":77,"column":2},"end":{"line":82,"column":3}},"45":{"start":{"line":78,"column":25},"end":{"line":78,"column":65}},"46":{"start":{"line":79,"column":4},"end":{"line":79,"column":77}},"47":{"start":{"line":81,"column":4},"end":{"line":81,"column":82}},"48":{"start":{"line":85,"column":20},"end":{"line":95,"column":1}},"49":{"start":{"line":85,"column":31},"end":{"line":95,"column":1}},"50":{"start":{"line":86,"column":2},"end":{"line":94,"column":3}},"51":{"start":{"line":87,"column":21},"end":{"line":87,"column":69}},"52":{"start":{"line":88,"column":4},"end":{"line":88,"column":66}},"53":{"start":{"line":89,"column":4},"end":{"line":89,"column":63}},"54":{"start":{"line":90,"column":4},"end":{"line":90,"column":54}},"55":{"start":{"line":92,"column":4},"end":{"line":92,"column":63}},"56":{"start":{"line":93,"column":4},"end":{"line":93,"column":65}}},"fnMap":{"0":{"name":"(anonymous_0)","decl":{"start":{"line":21,"column":28},"end":{"line":21,"column":29}},"loc":{"start":{"line":21,"column":34},"end":{"line":24,"column":1}},"line":21},"1":{"name":"(anonymous_1)","decl":{"start":{"line":21,"column":34},"end":{"line":21,"column":35}},"loc":{"start":{"line":21,"column":52},"end":{"line":24,"column":1}},"line":21},"2":{"name":"(anonymous_2)","decl":{"start":{"line":26,"column":18},"end":{"line":26,"column":19}},"loc":{"start":{"line":26,"column":33},"end":{"line":39,"column":1}},"line":26},"3":{"name":"(anonymous_3)","decl":{"start":{"line":26,"column":33},"end":{"line":26,"column":34}},"loc":{"start":{"line":26,"column":51},"end":{"line":39,"column":1}},"line":26},"4":{"name":"(anonymous_4)","decl":{"start":{"line":41,"column":19},"end":{"line":41,"column":20}},"loc":{"start":{"line":41,"column":34},"end":{"line":55,"column":1}},"line":41},"5":{"name":"(anonymous_5)","decl":{"start":{"line":41,"column":34},"end":{"line":41,"column":35}},"loc":{"start":{"line":41,"column":52},"end":{"line":55,"column":1}},"line":41},"6":{"name":"(anonymous_6)","decl":{"start":{"line":57,"column":24},"end":{"line":57,"column":25}},"loc":{"start":{"line":57,"column":34},"end":{"line":62,"column":1}},"line":57},"7":{"name":"(anonymous_7)","decl":{"start":{"line":57,"column":34},"end":{"line":57,"column":35}},"loc":{"start":{"line":57,"column":51},"end":{"line":62,"column":1}},"line":57},"8":{"name":"(anonymous_8)","decl":{"start":{"line":64,"column":17},"end":{"line":64,"column":18}},"loc":{"start":{"line":64,"column":33},"end":{"line":74,"column":1}},"line":64},"9":{"name":"(anonymous_9)","decl":{"start":{"line":64,"column":33},"end":{"line":64,"column":34}},"loc":{"start":{"line":64,"column":51},"end":{"line":74,"column":1}},"line":64},"10":{"name":"(anonymous_10)","decl":{"start":{"line":76,"column":24},"end":{"line":76,"column":25}},"loc":{"start":{"line":76,"column":30},"end":{"line":84,"column":1}},"line":76},"11":{"name":"(anonymous_11)","decl":{"start":{"line":76,"column":30},"end":{"line":76,"column":31}},"loc":{"start":{"line":76,"column":48},"end":{"line":84,"column":1}},"line":76},"12":{"name":"(anonymous_12)","decl":{"start":{"line":85,"column":20},"end":{"line":85,"column":21}},"loc":{"start":{"line":85,"column":31},"end":{"line":95,"column":1}},"line":85},"13":{"name":"(anonymous_13)","decl":{"start":{"line":85,"column":31},"end":{"line":85,"column":32}},"loc":{"start":{"line":85,"column":49},"end":{"line":95,"column":1}},"line":85}},"branchMap":{},"s":{"0":1,"1":1,"2":1,"3":1,"4":1,"5":1,"6":1,"7":1,"8":1,"9":0,"10":0,"11":0,"12":0,"13":0,"14":1,"15":1,"16":1,"17":1,"18":1,"19":1,"20":1,"21":0,"22":0,"23":0,"24":0,"25":0,"26":1,"27":1,"28":1,"29":1,"30":1,"31":1,"32":1,"33":1,"34":1,"35":1,"36":1,"37":0,"38":0,"39":0,"40":1,"41":1,"42":1,"43":1,"44":1,"45":1,"46":0,"47":1,"48":1,"49":1,"50":1,"51":1,"52":0,"53":0,"54":0,"55":1,"56":1},"f":{"0":1,"1":1,"2":1,"3":1,"4":1,"5":1,"6":1,"7":1,"8":1,"9":1,"10":1,"11":1,"12":1,"13":1},"b":{},"_coverageSchema":"332fd63041d2c1bcb487cc26dd0d5f7d97098a6c","hash":"f3c007a31d6a556087cb46062439b6d5b9e7622b"}
,"/Users/nnaemekaokoro/Desktop/Fast-foot-fast-react/apis/GetFood.js": {"path":"/Users/nnaemekaokoro/Desktop/Fast-foot-fast-react/apis/GetFood.js","statementMap":{},"fnMap":{},"branchMap":{},"s":{},"f":{},"b":{},"_coverageSchema":"332fd63041d2c1bcb487cc26dd0d5f7d97098a6c","hash":"36394db9c09c3663a91d31cf683e8cc39b1db600"}
,"/Users/nnaemekaokoro/Desktop/Fast-foot-fast-react/reducers/auth.js": {"path":"/Users/nnaemekaokoro/Desktop/Fast-foot-fast-react/reducers/auth.js","statementMap":{"0":{"start":{"line":3,"column":53},"end":{"line":3,"column":64}},"1":{"start":{"line":4,"column":21},"end":{"line":6,"column":1}},"2":{"start":{"line":9,"column":2},"end":{"line":20,"column":3}},"3":{"start":{"line":11,"column":6},"end":{"line":11,"column":70}},"4":{"start":{"line":13,"column":4},"end":{"line":13,"column":52}},"5":{"start":{"line":15,"column":6},"end":{"line":15,"column":70}},"6":{"start":{"line":17,"column":6},"end":{"line":17,"column":54}},"7":{"start":{"line":19,"column":6},"end":{"line":19,"column":19}}},"fnMap":{"0":{"name":"(anonymous_0)","decl":{"start":{"line":7,"column":15},"end":{"line":7,"column":16}},"loc":{"start":{"line":7,"column":49},"end":{"line":21,"column":1}},"line":7}},"branchMap":{"0":{"loc":{"start":{"line":7,"column":16},"end":{"line":7,"column":36}},"type":"default-arg","locations":[{"start":{"line":7,"column":24},"end":{"line":7,"column":36}}],"line":7},"1":{"loc":{"start":{"line":9,"column":2},"end":{"line":20,"column":3}},"type":"switch","locations":[{"start":{"line":10,"column":4},"end":{"line":11,"column":70}},{"start":{"line":12,"column":4},"end":{"line":13,"column":52}},{"start":{"line":14,"column":4},"end":{"line":15,"column":70}},{"start":{"line":16,"column":4},"end":{"line":17,"column":54}},{"start":{"line":18,"column":4},"end":{"line":19,"column":19}}],"line":9}},"s":{"0":3,"1":3,"2":8,"3":1,"4":0,"5":1,"6":0,"7":6},"f":{"0":8},"b":{"0":[6],"1":[1,0,1,0,6]},"_coverageSchema":"332fd63041d2c1bcb487cc26dd0d5f7d97098a6c","hash":"76b24c0b94e304a16d5b7459e1aecfa14f4479ab"}
,"/Users/nnaemekaokoro/Desktop/Fast-foot-fast-react/reducers/cart.js": {"path":"/Users/nnaemekaokoro/Desktop/Fast-foot-fast-react/reducers/cart.js","statementMap":{"0":{"start":{"line":2,"column":26},"end":{"line":2,"column":32}},"1":{"start":{"line":3,"column":2},"end":{"line":14,"column":3}},"2":{"start":{"line":5,"column":6},"end":{"line":9,"column":11}},"3":{"start":{"line":11,"column":6},"end":{"line":11,"column":16}},"4":{"start":{"line":13,"column":6},"end":{"line":13,"column":19}}},"fnMap":{"0":{"name":"(anonymous_0)","decl":{"start":{"line":1,"column":15},"end":{"line":1,"column":16}},"loc":{"start":{"line":1,"column":39},"end":{"line":15,"column":1}},"line":1}},"branchMap":{"0":{"loc":{"start":{"line":1,"column":16},"end":{"line":1,"column":26}},"type":"default-arg","locations":[{"start":{"line":1,"column":24},"end":{"line":1,"column":26}}],"line":1},"1":{"loc":{"start":{"line":3,"column":2},"end":{"line":14,"column":3}},"type":"switch","locations":[{"start":{"line":4,"column":4},"end":{"line":9,"column":11}},{"start":{"line":10,"column":4},"end":{"line":11,"column":16}},{"start":{"line":12,"column":4},"end":{"line":13,"column":19}}],"line":3},"2":{"loc":{"start":{"line":7,"column":45},"end":{"line":8,"column":46}},"type":"cond-expr","locations":[{"start":{"line":8,"column":10},"end":{"line":8,"column":42}},{"start":{"line":8,"column":45},"end":{"line":8,"column":46}}],"line":7}},"s":{"0":8,"1":8,"2":1,"3":1,"4":6},"f":{"0":8},"b":{"0":[6],"1":[1,1,6],"2":[0,1]},"_coverageSchema":"332fd63041d2c1bcb487cc26dd0d5f7d97098a6c","hash":"6c2ae323a6737b1894e077b350e09bcde6ed2741"}
,"/Users/nnaemekaokoro/Desktop/Fast-foot-fast-react/reducers/deleteOrder.js": {"path":"/Users/nnaemekaokoro/Desktop/Fast-foot-fast-react/reducers/deleteOrder.js","statementMap":{"0":{"start":{"line":3,"column":45},"end":{"line":3,"column":56}},"1":{"start":{"line":5,"column":26},"end":{"line":5,"column":32}},"2":{"start":{"line":6,"column":2},"end":{"line":13,"column":3}},"3":{"start":{"line":8,"column":6},"end":{"line":8,"column":43}},"4":{"start":{"line":10,"column":6},"end":{"line":10,"column":42}},"5":{"start":{"line":12,"column":6},"end":{"line":12,"column":19}}},"fnMap":{"0":{"name":"(anonymous_0)","decl":{"start":{"line":4,"column":15},"end":{"line":4,"column":16}},"loc":{"start":{"line":4,"column":39},"end":{"line":14,"column":1}},"line":4}},"branchMap":{"0":{"loc":{"start":{"line":4,"column":16},"end":{"line":4,"column":26}},"type":"default-arg","locations":[{"start":{"line":4,"column":24},"end":{"line":4,"column":26}}],"line":4},"1":{"loc":{"start":{"line":6,"column":2},"end":{"line":13,"column":3}},"type":"switch","locations":[{"start":{"line":7,"column":4},"end":{"line":8,"column":43}},{"start":{"line":9,"column":4},"end":{"line":10,"column":42}},{"start":{"line":11,"column":4},"end":{"line":12,"column":19}}],"line":6}},"s":{"0":3,"1":8,"2":8,"3":1,"4":1,"5":6},"f":{"0":8},"b":{"0":[6],"1":[1,1,6]},"_coverageSchema":"332fd63041d2c1bcb487cc26dd0d5f7d97098a6c","hash":"be3230a6944e92db30cc520c440e7e02423863a7"}
,"/Users/nnaemekaokoro/Desktop/Fast-foot-fast-react/reducers/food.js": {"path":"/Users/nnaemekaokoro/Desktop/Fast-foot-fast-react/reducers/food.js","statementMap":{"0":{"start":{"line":2,"column":2},"end":{"line":7,"column":3}},"1":{"start":{"line":4,"column":6},"end":{"line":4,"column":40}},"2":{"start":{"line":6,"column":6},"end":{"line":6,"column":19}}},"fnMap":{"0":{"name":"(anonymous_0)","decl":{"start":{"line":1,"column":15},"end":{"line":1,"column":16}},"loc":{"start":{"line":1,"column":39},"end":{"line":8,"column":1}},"line":1}},"branchMap":{"0":{"loc":{"start":{"line":1,"column":16},"end":{"line":1,"column":26}},"type":"default-arg","locations":[{"start":{"line":1,"column":24},"end":{"line":1,"column":26}}],"line":1},"1":{"loc":{"start":{"line":2,"column":2},"end":{"line":7,"column":3}},"type":"switch","locations":[{"start":{"line":3,"column":4},"end":{"line":4,"column":40}},{"start":{"line":5,"column":4},"end":{"line":6,"column":19}}],"line":2}},"s":{"0":7,"1":1,"2":6},"f":{"0":7},"b":{"0":[6],"1":[1,6]},"_coverageSchema":"332fd63041d2c1bcb487cc26dd0d5f7d97098a6c","hash":"2d6d70c91aefbe616450a10bdc203959dd5ea5cb"}
,"/Users/nnaemekaokoro/Desktop/Fast-foot-fast-react/reducers/index.js": {"path":"/Users/nnaemekaokoro/Desktop/Fast-foot-fast-react/reducers/index.js","statementMap":{},"fnMap":{},"branchMap":{},"s":{},"f":{},"b":{},"_coverageSchema":"332fd63041d2c1bcb487cc26dd0d5f7d97098a6c","hash":"04200a18189e9067261f3862810306a72d77a863"}
,"/Users/nnaemekaokoro/Desktop/Fast-foot-fast-react/reducers/orderHistory.js": {"path":"/Users/nnaemekaokoro/Desktop/Fast-foot-fast-react/reducers/orderHistory.js","statementMap":{"0":{"start":{"line":3,"column":69},"end":{"line":3,"column":80}},"1":{"start":{"line":5,"column":26},"end":{"line":5,"column":32}},"2":{"start":{"line":6,"column":2},"end":{"line":15,"column":3}},"3":{"start":{"line":8,"column":6},"end":{"line":8,"column":36}},"4":{"start":{"line":10,"column":6},"end":{"line":10,"column":42}},"5":{"start":{"line":12,"column":6},"end":{"line":12,"column":62}},"6":{"start":{"line":12,"column":39},"end":{"line":12,"column":58}},"7":{"start":{"line":14,"column":6},"end":{"line":14,"column":19}}},"fnMap":{"0":{"name":"(anonymous_0)","decl":{"start":{"line":4,"column":15},"end":{"line":4,"column":16}},"loc":{"start":{"line":4,"column":39},"end":{"line":16,"column":1}},"line":4},"1":{"name":"(anonymous_1)","decl":{"start":{"line":12,"column":30},"end":{"line":12,"column":31}},"loc":{"start":{"line":12,"column":39},"end":{"line":12,"column":58}},"line":12}},"branchMap":{"0":{"loc":{"start":{"line":4,"column":16},"end":{"line":4,"column":26}},"type":"default-arg","locations":[{"start":{"line":4,"column":24},"end":{"line":4,"column":26}}],"line":4},"1":{"loc":{"start":{"line":6,"column":2},"end":{"line":15,"column":3}},"type":"switch","locations":[{"start":{"line":7,"column":4},"end":{"line":8,"column":36}},{"start":{"line":9,"column":4},"end":{"line":10,"column":42}},{"start":{"line":11,"column":4},"end":{"line":12,"column":62}},{"start":{"line":13,"column":4},"end":{"line":14,"column":19}}],"line":6}},"s":{"0":3,"1":8,"2":8,"3":1,"4":1,"5":0,"6":0,"7":6},"f":{"0":8,"1":0},"b":{"0":[6],"1":[1,1,0,6]},"_coverageSchema":"332fd63041d2c1bcb487cc26dd0d5f7d97098a6c","hash":"bc3c334465abcb51eca0d2e1a7229beab76eb703"}
,"/Users/nnaemekaokoro/Desktop/Fast-foot-fast-react/src/component/Banner/Banner.js": {"path":"/Users/nnaemekaokoro/Desktop/Fast-foot-fast-react/src/component/Banner/Banner.js","statementMap":{"0":{"start":{"line":4,"column":20},"end":{"line":4,"column":73}},"1":{"start":{"line":5,"column":15},"end":{"line":44,"column":1}},"2":{"start":{"line":6,"column":23},"end":{"line":15,"column":10}},"3":{"start":{"line":16,"column":2},"end":{"line":43,"column":4}}},"fnMap":{"0":{"name":"(anonymous_0)","decl":{"start":{"line":5,"column":15},"end":{"line":5,"column":16}},"loc":{"start":{"line":5,"column":21},"end":{"line":44,"column":1}},"line":5}},"branchMap":{"0":{"loc":{"start":{"line":6,"column":23},"end":{"line":15,"column":10}},"type":"cond-expr","locations":[{"start":{"line":7,"column":4},"end":{"line":14,"column":15}},{"start":{"line":15,"column":6},"end":{"line":15,"column":10}}],"line":6}},"s":{"0":1,"1":1,"2":1,"3":1},"f":{"0":1},"b":{"0":[1,0]},"_coverageSchema":"332fd63041d2c1bcb487cc26dd0d5f7d97098a6c","hash":"bec0cb0493d2170e3af5f7ed8266de68b2257d90"}
,"/Users/nnaemekaokoro/Desktop/Fast-foot-fast-react/src/component/PopularFood/FoodCard.js": {"path":"/Users/nnaemekaokoro/Desktop/Fast-foot-fast-react/src/component/PopularFood/FoodCard.js","statementMap":{"0":{"start":{"line":3,"column":17},"end":{"line":26,"column":1}},"1":{"start":{"line":4,"column":2},"end":{"line":25,"column":8}}},"fnMap":{"0":{"name":"(anonymous_0)","decl":{"start":{"line":3,"column":17},"end":{"line":3,"column":18}},"loc":{"start":{"line":4,"column":2},"end":{"line":25,"column":8}},"line":4}},"branchMap":{},"s":{"0":1,"1":1},"f":{"0":1},"b":{},"_coverageSchema":"332fd63041d2c1bcb487cc26dd0d5f7d97098a6c","hash":"da8b726609bbcc48fc817d7be6e7d60e949bd8fd"}
,"/Users/nnaemekaokoro/Desktop/Fast-foot-fast-react/src/component/PopularFood/FoodCardAreaHeader.js": {"path":"/Users/nnaemekaokoro/Desktop/Fast-foot-fast-react/src/component/PopularFood/FoodCardAreaHeader.js","statementMap":{"0":{"start":{"line":2,"column":27},"end":{"line":8,"column":1}},"1":{"start":{"line":3,"column":2},"end":{"line":7,"column":5}}},"fnMap":{"0":{"name":"(anonymous_0)","decl":{"start":{"line":2,"column":27},"end":{"line":2,"column":28}},"loc":{"start":{"line":2,"column":33},"end":{"line":8,"column":1}},"line":2}},"branchMap":{},"s":{"0":1,"1":1},"f":{"0":1},"b":{},"_coverageSchema":"332fd63041d2c1bcb487cc26dd0d5f7d97098a6c","hash":"0296758e4bf2eddfce28167db366c9061bf447da"}
,"/Users/nnaemekaokoro/Desktop/Fast-foot-fast-react/src/component/SignIn/Signin.js": {"path":"/Users/nnaemekaokoro/Desktop/Fast-foot-fast-react/src/component/SignIn/Signin.js","statementMap":{"0":{"start":{"line":10,"column":26},"end":{"line":10,"column":38}},"1":{"start":{"line":11,"column":4},"end":{"line":11,"column":48}},"2":{"start":{"line":14,"column":4},"end":{"line":14,"column":27}},"3":{"start":{"line":15,"column":4},"end":{"line":15,"column":43}},"4":{"start":{"line":16,"column":4},"end":{"line":16,"column":37}},"5":{"start":{"line":19,"column":2},"end":{"line":86,"column":4}}},"fnMap":{"0":{"name":"(anonymous_0)","decl":{"start":{"line":9,"column":22},"end":{"line":9,"column":23}},"loc":{"start":{"line":9,"column":32},"end":{"line":12,"column":3}},"line":9},"1":{"name":"(anonymous_1)","decl":{"start":{"line":13,"column":17},"end":{"line":13,"column":18}},"loc":{"start":{"line":13,"column":34},"end":{"line":17,"column":3}},"line":13},"2":{"name":"(anonymous_2)","decl":{"start":{"line":18,"column":2},"end":{"line":18,"column":3}},"loc":{"start":{"line":18,"column":10},"end":{"line":87,"column":1}},"line":18}},"branchMap":{},"s":{"0":2,"1":2,"2":1,"3":1,"4":1,"5":4},"f":{"0":2,"1":1,"2":4},"b":{},"_coverageSchema":"332fd63041d2c1bcb487cc26dd0d5f7d97098a6c","hash":"7de01a1f3956e39e2828890adc999cfa4b66bd15"}
,"/Users/nnaemekaokoro/Desktop/Fast-foot-fast-react/src/component/SignUp/SignUp.js": {"path":"/Users/nnaemekaokoro/Desktop/Fast-foot-fast-react/src/component/SignUp/SignUp.js","statementMap":{"0":{"start":{"line":11,"column":26},"end":{"line":11,"column":38}},"1":{"start":{"line":12,"column":4},"end":{"line":12,"column":49}},"2":{"start":{"line":15,"column":4},"end":{"line":15,"column":27}},"3":{"start":{"line":16,"column":21},"end":{"line":16,"column":60}},"4":{"start":{"line":17,"column":4},"end":{"line":17,"column":37}},"5":{"start":{"line":20,"column":4},"end":{"line":118,"column":6}}},"fnMap":{"0":{"name":"(anonymous_0)","decl":{"start":{"line":10,"column":22},"end":{"line":10,"column":23}},"loc":{"start":{"line":10,"column":32},"end":{"line":13,"column":3}},"line":10},"1":{"name":"(anonymous_1)","decl":{"start":{"line":14,"column":17},"end":{"line":14,"column":18}},"loc":{"start":{"line":14,"column":34},"end":{"line":18,"column":3}},"line":14},"2":{"name":"(anonymous_2)","decl":{"start":{"line":19,"column":2},"end":{"line":19,"column":3}},"loc":{"start":{"line":19,"column":11},"end":{"line":119,"column":3}},"line":19}},"branchMap":{},"s":{"0":4,"1":4,"2":1,"3":1,"4":1,"5":6},"f":{"0":4,"1":1,"2":6},"b":{},"_coverageSchema":"332fd63041d2c1bcb487cc26dd0d5f7d97098a6c","hash":"1409219c17d30c8fa6cf44cef94666003aedaa40"}
}
