TN:
SF:/Users/nnaemekaokoro/projects/Fast-foot-fast-react/actions/actionType.js
FNF:0
FNH:0
DA:1,1
LF:1
LH:1
BRF:0
BRH:0
end_of_record
TN:
SF:/Users/nnaemekaokoro/projects/Fast-foot-fast-react/actions/index.js
FN:7,(anonymous_0)
FN:7,(anonymous_1)
FN:11,(anonymous_2)
FN:11,(anonymous_3)
FN:17,(anonymous_4)
FN:17,(anonymous_5)
FNF:6
FNH:2
FNDA:1,(anonymous_0)
FNDA:1,(anonymous_1)
FNDA:0,(anonymous_2)
FNDA:0,(anonymous_3)
FNDA:0,(anonymous_4)
FNDA:0,(anonymous_5)
DA:5,1
DA:7,1
DA:8,1
DA:9,1
DA:11,1
DA:12,0
DA:13,0
DA:14,0
DA:15,0
DA:17,1
DA:18,0
DA:19,0
DA:20,0
DA:21,0
LF:14
LH:6
BRF:0
BRH:0
end_of_record
TN:
SF:/Users/nnaemekaokoro/projects/Fast-foot-fast-react/apis/GetFood.js
FNF:0
FNH:0
LF:0
LH:0
BRF:0
BRH:0
end_of_record
