TN:
SF:/Users/nnaemekaokoro/Desktop/Fast-foot-fast-react/actions/actionType.js
FNF:0
FNH:0
DA:1,4
LF:1
LH:1
BRF:0
BRH:0
end_of_record
TN:
SF:/Users/nnaemekaokoro/Desktop/Fast-foot-fast-react/actions/index.js
FN:7,(anonymous_0)
FN:7,(anonymous_1)
FN:12,(anonymous_2)
FN:12,(anonymous_3)
FN:24,(anonymous_4)
FN:24,(anonymous_5)
FN:37,(anonymous_6)
FN:42,(anonymous_7)
FN:42,(anonymous_8)
FNF:9
FNH:9
FNDA:1,(anonymous_0)
FNDA:1,(anonymous_1)
FNDA:1,(anonymous_2)
FNDA:1,(anonymous_3)
FNDA:1,(anonymous_4)
FNDA:1,(anonymous_5)
FNDA:1,(anonymous_6)
FNDA:1,(anonymous_7)
FNDA:1,(anonymous_8)
DA:5,1
DA:7,1
DA:8,1
DA:9,1
DA:12,1
DA:13,1
DA:14,1
DA:15,0
DA:16,0
DA:17,0
DA:18,0
DA:20,1
DA:24,1
DA:25,1
DA:26,1
DA:27,0
DA:28,0
DA:29,0
DA:30,0
DA:32,1
DA:37,1
DA:38,1
DA:42,1
DA:43,1
DA:44,1
DA:45,0
DA:46,0
DA:48,1
LF:28
LH:18
BRF:0
BRH:0
end_of_record
TN:
SF:/Users/nnaemekaokoro/Desktop/Fast-foot-fast-react/apis/GetFood.js
FNF:0
FNH:0
LF:0
LH:0
BRF:0
BRH:0
end_of_record
TN:
SF:/Users/nnaemekaokoro/Desktop/Fast-foot-fast-react/reducers/auth.js
FN:7,(anonymous_0)
FNF:1
FNH:1
FNDA:8,(anonymous_0)
DA:3,3
DA:4,3
DA:8,8
DA:10,1
DA:12,1
DA:14,6
LF:6
LH:6
BRDA:7,0,0,6
BRDA:8,1,0,1
BRDA:8,1,1,1
BRDA:8,1,2,6
BRF:4
BRH:4
end_of_record
TN:
SF:/Users/nnaemekaokoro/Desktop/Fast-foot-fast-react/reducers/cart.js
FN:1,(anonymous_0)
FNF:1
FNH:1
FNDA:8,(anonymous_0)
DA:2,8
DA:3,8
DA:5,1
DA:11,1
DA:13,6
LF:5
LH:5
BRDA:1,0,0,6
BRDA:3,1,0,1
BRDA:3,1,1,1
BRDA:3,1,2,6
BRDA:7,2,0,0
BRDA:7,2,1,1
BRF:6
BRH:5
end_of_record
TN:
SF:/Users/nnaemekaokoro/Desktop/Fast-foot-fast-react/reducers/food.js
FN:1,(anonymous_0)
FNF:1
FNH:1
FNDA:7,(anonymous_0)
DA:2,7
DA:4,1
DA:6,6
LF:3
LH:3
BRDA:1,0,0,6
BRDA:2,1,0,1
BRDA:2,1,1,6
BRF:3
BRH:3
end_of_record
TN:
SF:/Users/nnaemekaokoro/Desktop/Fast-foot-fast-react/reducers/index.js
FNF:0
FNH:0
LF:0
LH:0
BRF:0
BRH:0
end_of_record
TN:
SF:/Users/nnaemekaokoro/Desktop/Fast-foot-fast-react/src/component/Banner/Banner.js
FN:5,(anonymous_0)
FNF:1
FNH:1
FNDA:1,(anonymous_0)
DA:5,1
DA:6,1
LF:2
LH:2
BRF:0
BRH:0
end_of_record
TN:
SF:/Users/nnaemekaokoro/Desktop/Fast-foot-fast-react/src/component/PopularFood/FoodCard.js
FN:2,(anonymous_0)
FNF:1
FNH:1
FNDA:1,(anonymous_0)
DA:2,1
DA:3,1
LF:2
LH:2
BRF:0
BRH:0
end_of_record
TN:
SF:/Users/nnaemekaokoro/Desktop/Fast-foot-fast-react/src/component/PopularFood/FoodCardAreaHeader.js
FN:2,(anonymous_0)
FNF:1
FNH:1
FNDA:1,(anonymous_0)
DA:2,1
DA:3,1
LF:2
LH:2
BRF:0
BRH:0
end_of_record
TN:
SF:/Users/nnaemekaokoro/Desktop/Fast-foot-fast-react/src/component/SignIn/Signin.js
FN:8,(anonymous_0)
FN:12,(anonymous_1)
FN:17,(anonymous_2)
FNF:3
FNH:3
FNDA:2,(anonymous_0)
FNDA:1,(anonymous_1)
FNDA:4,(anonymous_2)
DA:9,2
DA:10,2
DA:13,1
DA:14,1
DA:15,1
DA:18,4
LF:6
LH:6
BRF:0
BRH:0
end_of_record
TN:
SF:/Users/nnaemekaokoro/Desktop/Fast-foot-fast-react/src/component/SignUp/SignUp.js
FN:10,(anonymous_0)
FN:14,(anonymous_1)
FN:19,(anonymous_2)
FNF:3
FNH:3
FNDA:4,(anonymous_0)
FNDA:1,(anonymous_1)
FNDA:6,(anonymous_2)
DA:11,4
DA:12,4
DA:15,1
DA:16,1
DA:17,1
DA:20,6
LF:6
LH:6
BRF:0
BRH:0
end_of_record
